<?xml version="1.0" encoding="UTF-8"?>
<!-- Generated by org.testng.reporters.JUnitReportReporter -->
<testsuite skipped="0" hostname="CAJA200" name="test.cupones.Cupon" tests="1" failures="0" timestamp="29 ene 2018 14:14:48 GMT" time="76.540" errors="0">
  <testcase name="crearCupon" time="76.540" classname="test.cupones.Cupon"/>
</testsuite> <!-- test.cupones.Cupon -->
