<?xml version="1.0" encoding="UTF-8"?>
<!-- Generated by org.testng.reporters.JUnitReportReporter -->
<testsuite skipped="0" hostname="DESKTOP-LV7M220" name="test.proveedor.Proveedor" tests="1" failures="0" timestamp="21 dic 2017 14:50:38 GMT" time="5.474" errors="0">
  <testcase name="crearClienteRecauco" time="5.474" classname="test.proveedor.Proveedor"/>
</testsuite> <!-- test.proveedor.Proveedor -->
