<?xml version="1.0" encoding="UTF-8"?>
<!-- Generated by org.testng.reporters.JUnitReportReporter -->
<testsuite skipped="0" hostname="DESKTOP-LV7M220" name="bancos.CrearBancoIncorrecto" tests="2" failures="0" timestamp="27 nov 2017 13:55:00 GMT" time="452.618" errors="0">
  <testcase name="crearBancoConNumeros" time="7.354" classname="bancos.CrearBancoIncorrecto"/>
  <testcase name="crearBancoRepetido" time="445.264" classname="bancos.CrearBancoIncorrecto"/>
</testsuite> <!-- bancos.CrearBancoIncorrecto -->
