<?xml version="1.0" encoding="UTF-8"?>
<!-- Generated by org.testng.reporters.JUnitReportReporter -->
<testsuite skipped="0" hostname="CAJA200" name="test.cupones.Cupon" tests="1" failures="0" timestamp="12 ene 2018 20:22:27 GMT" time="36.200" errors="0">
  <testcase name="crearCupon" time="36.200" classname="test.cupones.Cupon"/>
</testsuite> <!-- test.cupones.Cupon -->
