<?xml version="1.0" encoding="UTF-8"?>
<!-- Generated by org.testng.reporters.JUnitReportReporter -->
<testsuite skipped="0" hostname="DESKTOP-LV7M220" name="test.autenticacion.cp002LoginMercuryCorrecto" tests="1" failures="0" timestamp="20 nov 2017 20:19:52 GMT" time="4.310" errors="0">
  <testcase name="loginCorrecto" time="4.310" classname="test.autenticacion.cp002LoginMercuryCorrecto"/>
</testsuite> <!-- test.autenticacion.cp002LoginMercuryCorrecto -->
