<?xml version="1.0" encoding="UTF-8"?>
<!-- Generated by org.testng.reporters.JUnitReportReporter -->
<testsuite skipped="0" hostname="CAJA200" name="test.cajas.CrearCaja" tests="1" failures="0" timestamp="28 dic 2017 22:46:08 GMT" time="33.389" errors="0">
  <testcase name="crearCaja" time="33.389" classname="test.cajas.CrearCaja"/>
</testsuite> <!-- test.cajas.CrearCaja -->
