<?xml version="1.0" encoding="UTF-8"?>
<!-- Generated by org.testng.reporters.JUnitReportReporter -->
<testsuite skipped="0" hostname="CAJA200" name="test.convenios.ConveniosRecaudos" tests="1" failures="0" timestamp="14 feb 2018 15:01:58 GMT" time="38.271" errors="0">
  <testcase name="ingresarConvenio" time="38.271" classname="test.convenios.ConveniosRecaudos"/>
</testsuite> <!-- test.convenios.ConveniosRecaudos -->
