<?xml version="1.0" encoding="UTF-8"?>
<!-- Generated by org.testng.reporters.JUnitReportReporter -->
<testsuite skipped="0" hostname="DESKTOP-LV7M220" name="test.autebtificacion.edeq.loginEdeqIncorrecto" tests="1" failures="0" timestamp="24 nov 2017 13:31:38 GMT" time="10.155" errors="0">
  <testcase name="loginIncorrecto" time="10.155" classname="test.autebtificacion.edeq.loginEdeqIncorrecto"/>
</testsuite> <!-- test.autebtificacion.edeq.loginEdeqIncorrecto -->
