<?xml version="1.0" encoding="UTF-8"?>
<!-- Generated by org.testng.reporters.JUnitReportReporter -->
<testsuite skipped="0" hostname="DESKTOP-LV7M220" name="test.perfil.Perfil" tests="1" failures="0" timestamp="22 dic 2017 13:06:07 GMT" time="8.179" errors="0">
  <testcase name="crearPerfil" time="8.179" classname="test.perfil.Perfil"/>
</testsuite> <!-- test.perfil.Perfil -->
