<?xml version="1.0" encoding="UTF-8"?>
<!-- Generated by org.testng.reporters.JUnitReportReporter -->
<testsuite skipped="0" hostname="DESKTOP-LV7M220" name="test.autenticacion.cp005LoginSignOnCorrecto" tests="1" failures="0" timestamp="20 nov 2017 20:31:08 GMT" time="0.008" errors="0">
  <testcase name="loginCorrecto" time="0.008" classname="test.autenticacion.cp005LoginSignOnCorrecto"/>
</testsuite> <!-- test.autenticacion.cp005LoginSignOnCorrecto -->
