<?xml version="1.0" encoding="UTF-8"?>
<!-- Generated by org.testng.reporters.JUnitReportReporter -->
<testsuite skipped="0" hostname="DESKTOP-LV7M220" name="test.sellos.humedos.SelloHumedo" tests="3" failures="0" timestamp="29 nov 2017 12:50:30 GMT" time="24.980" errors="0">
  <testcase name="asignarSello" time="12.109" classname="test.sellos.humedos.SelloHumedo"/>
  <testcase name="asignarDobleSelloCajero" time="7.007" classname="test.sellos.humedos.SelloHumedo"/>
  <testcase name="asignarSelloRepetido" time="5.864" classname="test.sellos.humedos.SelloHumedo"/>
</testsuite> <!-- test.sellos.humedos.SelloHumedo -->
