<?xml version="1.0" encoding="UTF-8"?>
<!-- Generated by org.testng.reporters.JUnitReportReporter -->
<testsuite skipped="0" hostname="DESKTOP-LV7M220" name="test.perfil.Perfil" tests="1" failures="0" timestamp="27 dic 2017 20:12:27 GMT" time="27.900" errors="0">
  <testcase name="crearPerfil" time="27.900" classname="test.perfil.Perfil"/>
</testsuite> <!-- test.perfil.Perfil -->
