<?xml version="1.0" encoding="UTF-8"?>
<!-- Generated by org.testng.reporters.JUnitReportReporter -->
<testsuite skipped="0" hostname="DESKTOP-LV7M220" name="test.buscador.BucardorBancos" tests="2" failures="0" timestamp="27 nov 2017 14:44:02 GMT" time="29.091" errors="0">
  <testcase name="buscarBancoNoExistente" time="14.245" classname="test.buscador.BucardorBancos"/>
  <testcase name="buscarBancoExistente" time="14.846" classname="test.buscador.BucardorBancos"/>
</testsuite> <!-- test.buscador.BucardorBancos -->
