<?xml version="1.0" encoding="UTF-8"?>
<!-- Generated by org.testng.reporters.JUnitReportReporter -->
<testsuite skipped="0" hostname="CAJA200" name="test.proveedor.Proveedor" tests="1" failures="0" timestamp="05 ene 2018 13:41:53 GMT" time="17.441" errors="0">
  <testcase name="crearClienteRecauco" time="17.441" classname="test.proveedor.Proveedor"/>
</testsuite> <!-- test.proveedor.Proveedor -->
