<?xml version="1.0" encoding="UTF-8"?>
<!-- Generated by org.testng.reporters.JUnitReportReporter -->
<testsuite skipped="0" hostname="CAJA200" name="test.cupones.Cupon" tests="1" failures="0" timestamp="11 ene 2018 21:32:54 GMT" time="9.553" errors="0">
  <testcase name="crearCupon" time="9.553" classname="test.cupones.Cupon"/>
</testsuite> <!-- test.cupones.Cupon -->
