<?xml version="1.0" encoding="UTF-8"?>
<!-- Generated by org.testng.reporters.JUnitReportReporter -->
<testsuite skipped="0" hostname="CAJA200" name="test.convenios.ConveniosRecaudos" tests="1" failures="0" timestamp="15 feb 2018 20:59:11 GMT" time="15.446" errors="0">
  <testcase name="ingresarConvenio" time="15.446" classname="test.convenios.ConveniosRecaudos"/>
</testsuite> <!-- test.convenios.ConveniosRecaudos -->
