<?xml version="1.0" encoding="UTF-8"?>
<!-- Generated by org.testng.reporters.JUnitReportReporter -->
<testsuite skipped="0" hostname="CAJA200" name="test.proveedor.Proveedor" tests="1" failures="0" timestamp="31 ene 2018 14:32:39 GMT" time="19.555" errors="0">
  <testcase name="crearClienteRecauco" time="19.555" classname="test.proveedor.Proveedor"/>
</testsuite> <!-- test.proveedor.Proveedor -->
