<?xml version="1.0" encoding="UTF-8"?>
<!-- Generated by org.testng.reporters.JUnitReportReporter -->
<testsuite skipped="0" hostname="DESKTOP-LV7M220" name="test.usuarios.Usuarios" tests="3" failures="0" timestamp="21 dic 2017 15:23:25 GMT" time="90.496" errors="0">
  <testcase name="crearUsuario" time="26.228" classname="test.usuarios.Usuarios"/>
  <testcase name="crearUsuarionNikrepetido" time="32.187" classname="test.usuarios.Usuarios"/>
  <testcase name="crearUsuarioIdRepetido" time="32.081" classname="test.usuarios.Usuarios"/>
</testsuite> <!-- test.usuarios.Usuarios -->
