<?xml version="1.0" encoding="UTF-8"?>
<!-- Generated by org.testng.reporters.JUnitReportReporter -->
<testsuite skipped="0" hostname="DESKTOP-LV7M220" name="test.autebtificacion.edeq.LoginEdeqcorrecto" tests="1" failures="0" timestamp="21 nov 2017 21:33:18 GMT" time="1.388" errors="0">
  <testcase name="loginCorrecto" time="1.388" classname="test.autebtificacion.edeq.LoginEdeqcorrecto"/>
</testsuite> <!-- test.autebtificacion.edeq.LoginEdeqcorrecto -->
