<?xml version="1.0" encoding="UTF-8"?>
<!-- Generated by org.testng.reporters.JUnitReportReporter -->
<testsuite skipped="0" hostname="DESKTOP-LV7M220" name="test.para.probar.TraerUntexto" tests="1" failures="0" timestamp="24 nov 2017 12:37:44 GMT" time="21.271" errors="0">
  <testcase name="testVerifyBodyText" time="21.271" classname="test.para.probar.TraerUntexto"/>
</testsuite> <!-- test.para.probar.TraerUntexto -->
