<?xml version="1.0" encoding="UTF-8"?>
<!-- Generated by org.testng.reporters.JUnitReportReporter -->
<testsuite skipped="0" hostname="DESKTOP-LV7M220" name="test.reservarvuelo.cp002ValidarCamposSelectFlight" tests="2" failures="0" timestamp="14 dic 2017 20:15:49 GMT" time="8.074" errors="0">
  <testcase name="login" time="0.007" classname="test.reservarvuelo.cp002ValidarCamposSelectFlight"/>
  <testcase name="ValidarCamposSelectFlight" time="8.067" classname="test.reservarvuelo.cp002ValidarCamposSelectFlight"/>
</testsuite> <!-- test.reservarvuelo.cp002ValidarCamposSelectFlight -->
