<?xml version="1.0" encoding="UTF-8"?>
<!-- Generated by org.testng.reporters.JUnitReportReporter -->
<testsuite skipped="0" hostname="DESKTOP-LV7M220" name="test.autenticacion.cp001ValidarCampos" tests="1" failures="0" timestamp="20 nov 2017 20:18:34 GMT" time="0.704" errors="0">
  <testcase name="verificarCamposLogin" time="0.704" classname="test.autenticacion.cp001ValidarCampos"/>
</testsuite> <!-- test.autenticacion.cp001ValidarCampos -->
