<?xml version="1.0" encoding="UTF-8"?>
<!-- Generated by org.testng.reporters.JUnitReportReporter -->
<testsuite skipped="0" hostname="DESKTOP-LV7M220" name="test.autebtificacion.edeq.loginEdeqIncorrecto" tests="1" failures="0" timestamp="22 nov 2017 12:45:25 GMT" time="18.203" errors="0">
  <testcase name="loginIncorrecto" time="18.203" classname="test.autebtificacion.edeq.loginEdeqIncorrecto"/>
</testsuite> <!-- test.autebtificacion.edeq.loginEdeqIncorrecto -->
